nohup: ignoring input

> universal-companies-frontend@0.1.0 dev
> next dev

 ⚠ Port 3000 is in use, trying 3001 instead.
  ▲ Next.js 14.2.33
  - Local:        http://localhost:3001
  - Environments: .env.local

 ✓ Starting...
 ✓ Ready in 2.1s
 ⚠ Found a change in next.config.mjs. Restarting the server to apply the changes...
  ▲ Next.js 14.2.33
  - Local:        http://localhost:3000
  - Environments: .env.local

 ✓ Starting...
 ✓ Ready in 2.1s
 ○ Compiling / ...
 ✓ Compiled / in 7.1s (859 modules)
 ✓ Compiled in 813ms (383 modules)
 GET / 200 in 8037ms
 ⨯ upstream image response failed for https://images.unsplash.com/photo-1594735153960-40c6b1b3c199?w=320&h=200&fit=crop 404
 ⚠ Cross origin request detected from 14.225.205.116 to /_next/* resource. In a future major version of Next.js, you will need to explicitly configure "allowedDevOrigins" in next.config to allow this.
Read more: https://nextjs.org/docs/app/api-reference/config/next-config-js/allowedDevOrigins
 ○ Compiling /faqs ...
 ✓ Compiled /faqs in 2.5s (991 modules)
 ○ Compiling /brands ...
 ✓ Compiled /brands in 629ms (998 modules)
 GET / 200 in 311ms
 GET / 200 in 118ms
 ⨯ upstream image response failed for https://images.unsplash.com/photo-1594735153960-40c6b1b3c199?w=320&h=200&fit=crop 404
 GET / 200 in 102ms
 ○ Compiling /products ...
 ✓ Compiled /products in 1852ms (1029 modules)
 GET /products 200 in 2286ms
 ⚠ Fast Refresh had to perform a full reload. Read more: https://nextjs.org/docs/messages/fast-refresh-reload
 ○ Compiling /about ...
 ✓ Compiled /about in 747ms (1034 modules)
 ○ Compiling /contact ...
 ✓ Compiled /contact in 1238ms (1046 modules)
 GET /faqs 200 in 244ms
